<?xml version="1.0" encoding="UTF-8"?>
<!-- Generated by org.testng.reporters.JUnitReportReporter -->
<testsuite hostname="DESKTOP-57U95UN" failures="0" tests="1" name="runner.TestRunner" time="9.635" errors="0" timestamp="2025-06-16T14:22:09 IST" skipped="0">
  <testcase classname="runner.TestRunner" name="runScenario" time="9.635"/>
  <system-out/>
</testsuite> <!-- runner.TestRunner -->
