<?xml version="1.0" encoding="UTF-8"?>
<!-- Generated by org.testng.reporters.JUnitReportReporter -->
<testsuite hostname="DESKTOP-57U95UN" failures="0" tests="6" name="org.testngIntro.Amazon_search" time="30.560" errors="0" timestamp="2025-05-28T11:51:45 IST" skipped="0">
  <testcase classname="org.testngIntro.Amazon_search" name="setUp" time="3.099"/>
  <system-out/>
  <testcase classname="org.testngIntro.Amazon_search" name="launchUrl" time="14.047"/>
  <system-out/>
  <testcase classname="org.testngIntro.Amazon_search" name="searchProduct" time="5.201"/>
  <system-out/>
  <testcase classname="org.testngIntro.Amazon_search" name="selectProduct" time="1.186"/>
  <system-out/>
  <testcase classname="org.testngIntro.Amazon_search" name="addcart" time="6.494"/>
  <system-out/>
  <testcase classname="org.testngIntro.Amazon_search" name="back2home" time="0.533"/>
  <system-out/>
</testsuite> <!-- org.testngIntro.Amazon_search -->
