<?xml version="1.0" encoding="UTF-8"?>
<!-- Generated by org.testng.reporters.JUnitReportReporter -->
<testsuite hostname="DESKTOP-57U95UN" failures="0" tests="2" name="org.testngIntro.Amazon_Login" time="9.102" errors="0" timestamp="2025-05-24T09:34:28 IST" skipped="0">
  <testcase classname="org.testngIntro.Amazon_Login" name="setUp" time="6.214"/>
  <system-out/>
  <testcase classname="org.testngIntro.Amazon_Login" name="launchUrl" time="2.888"/>
  <system-out/>
</testsuite> <!-- org.testngIntro.Amazon_Login -->
