<?xml version="1.0" encoding="UTF-8"?>
<!-- Generated by org.testng.reporters.JUnitReportReporter -->
<testsuite hostname="DESKTOP-57U95UN" failures="0" tests="5" name="org.testngIntro.Adactinhotelapp_DataProvider" time="90.475" errors="0" timestamp="2025-06-11T17:47:30 IST" skipped="0">
  <testcase classname="org.testngIntro.Adactinhotelapp_DataProvider" name="login" time="16.575"/>
  <system-out/>
  <testcase classname="org.testngIntro.Adactinhotelapp_DataProvider" name="login" time="22.212"/>
  <system-out/>
  <testcase classname="org.testngIntro.Adactinhotelapp_DataProvider" name="login" time="17.968"/>
  <system-out/>
  <testcase classname="org.testngIntro.Adactinhotelapp_DataProvider" name="login" time="17.148"/>
  <system-out/>
  <testcase classname="org.testngIntro.Adactinhotelapp_DataProvider" name="login" time="16.572"/>
  <system-out/>
</testsuite> <!-- org.testngIntro.Adactinhotelapp_DataProvider -->
