<?xml version="1.0" encoding="UTF-8"?>
<!-- Generated by org.testng.reporters.JUnitReportReporter -->
<testsuite hostname="DESKTOP-57U95UN" failures="0" tests="2" name="runner.FbRunner" time="32.456" errors="0" timestamp="2025-06-18T13:38:43 IST" skipped="0">
  <testcase classname="runner.FbRunner" name="runScenario" time="7.369"/>
  <system-out/>
  <testcase classname="runner.FbRunner" name="runScenario" time="25.087"/>
  <system-out/>
</testsuite> <!-- runner.FbRunner -->
